<?xml version="1.0" encoding="UTF-8"?>
<!-- Generated by org.testng.reporters.JUnitReportReporter -->
<testsuite hostname="CHN1-LHP-N81661" failures="0" tests="1" name="demo.LoginApp_Test" time="2.240" errors="0" timestamp="2022-04-13T15:23:12 IST" skipped="0">
  <testcase classname="demo.LoginApp_Test" name="Login" time="2.240"/>
  <system-out/>
</testsuite> <!-- demo.LoginApp_Test -->
